<?xml version="1.0" encoding="UTF-8"?>
<testsuite xmlns:xsi="http://www.w3.org/2001/XMLSchema-instance" xsi:noNamespaceSchemaLocation="https://maven.apache.org/surefire/maven-surefire-plugin/xsd/surefire-test-report.xsd" name="com.esprit.examen.services.FournisseurServiceImplTest" time="0.544" tests="8" errors="0" skipped="0" failures="0">
  <properties>
[...]
</properties>
  <testcase name="testAddFournisseur" classname="com.esprit.examen.services.FournisseurServiceImplTest" time="0.047"/>
  <testcase name="testRetrieveFournisseur" classname="com.esprit.examen.services.FournisseurServiceImplTest" time="0.045"/>
  <testcase name="testAssignSecteurActiviteToFournisseur" classname="com.esprit.examen.services.FournisseurServiceImplTest" time="0.046"/>
  <testcase name="testUpdateFournisseur" classname="com.esprit.examen.services.FournisseurServiceImplTest" time="0.047"/>
  <testcase name="testAssignSecteurActiviteToFournisseur2" classname="com.esprit.examen.services.FournisseurServiceImplTest" time="0.045"/>
  <testcase name="testDeleteFournisseur" classname="com.esprit.examen.services.FournisseurServiceImplTest" time="0.044"/>
  <testcase name="testRetrieveAllFournisseurs" classname="com.esprit.examen.services.FournisseurServiceImplTest" time="0.047"/>
  <testcase name="testRetrieveAllFournisseurs2" classname="com.esprit.examen.services.FournisseurServiceImplTest" time="0.047"/>
</testsuite>